2024-01-22 20:25:40,105 > Dataset Processing Parameters:
- Time Period: 10
- Conv Method: max
2024-01-22 20:31:18,130 > Training Parameters:
- Batch Size:
20000
- Train Test Split:
0.8
- Learning Rate:
0.00015
- Epochs:
300
- Activation Function:
Tanh
=================================================================
Layer (type:depth-idx)                   Param #
=================================================================
network                                  --
©À©¤Linear: 1-1                            544
©À©¤Linear: 1-2                            1,056
©À©¤Linear: 1-3                            528
©À©¤Linear: 1-4                            68
©À©¤Linear: 1-5                            5
©À©¤Tanh: 1-6                              --
©À©¤Dropout: 1-7                           --
=================================================================
Total params: 2,201
Trainable params: 2,201
Non-trainable params: 0
=================================================================
Current Epoch: 10/300 : Train Loss: 0.9068648219108582 | Train R2: 0.10325121583783559 | Val Loss: 0.5589439272880554 | Val Rho: 0.8287933748061083 | Val R2: -0.042172973261334734
Current Epoch: 20/300 : Train Loss: 0.7408924102783203 | Train R2: 0.2705309250510973 | Val Loss: 0.42723771929740906 | Val Rho: 0.8645721148566388 | Val R2: 0.20339842364730598
Current Epoch: 30/300 : Train Loss: 0.5666858553886414 | Train R2: 0.43738460556627046 | Val Loss: 0.2854236364364624 | Val Rho: 0.8564983661030813 | Val R2: 0.46781637674841137
Current Epoch: 40/300 : Train Loss: 0.45895886421203613 | Train R2: 0.5532296085776001 | Val Loss: 0.213180810213089 | Val Rho: 0.835950586628381 | Val R2: 0.6025159943131517
Current Epoch: 50/300 : Train Loss: 0.3888315260410309 | Train R2: 0.6221548612523159 | Val Loss: 0.19397681951522827 | Val Rho: 0.8190782550088321 | Val R2: 0.6383225702053716
Current Epoch: 60/300 : Train Loss: 0.34915217757225037 | Train R2: 0.6636929502338496 | Val Loss: 0.19151952862739563 | Val Rho: 0.8103242623553555 | Val R2: 0.6429043026361844
Current Epoch: 70/300 : Train Loss: 0.33306026458740234 | Train R2: 0.6787452231345305 | Val Loss: 0.19052575528621674 | Val Rho: 0.8093523374031599 | Val R2: 0.6447572103098803
Current Epoch: 80/300 : Train Loss: 0.3217886984348297 | Train R2: 0.6866851090737796 | Val Loss: 0.18660986423492432 | Val Rho: 0.8137095018696926 | Val R2: 0.6520585705918527
Current Epoch: 90/300 : Train Loss: 0.31641295552253723 | Train R2: 0.6919191520256909 | Val Loss: 0.18111494183540344 | Val Rho: 0.8193786554717555 | Val R2: 0.6623040754563951
Current Epoch: 100/300 : Train Loss: 0.3101519048213959 | Train R2: 0.6960484035179009 | Val Loss: 0.1752103716135025 | Val Rho: 0.8254651914199742 | Val R2: 0.6733133814920196
Current Epoch: 110/300 : Train Loss: 0.3086523115634918 | Train R2: 0.6999117437479871 | Val Loss: 0.1693655401468277 | Val Rho: 0.8312698235666608 | Val R2: 0.6842112955821597
Current Epoch: 120/300 : Train Loss: 0.28791067004203796 | Train R2: 0.7114907542128508 | Val Loss: 0.1646868884563446 | Val Rho: 0.836071164881845 | Val R2: 0.6929348119227844
Current Epoch: 130/300 : Train Loss: 0.2987678050994873 | Train R2: 0.7075712633399591 | Val Loss: 0.1604245901107788 | Val Rho: 0.8403442220155696 | Val R2: 0.700882025645964
Current Epoch: 140/300 : Train Loss: 0.29342398047447205 | Train R2: 0.7108456268567007 | Val Loss: 0.15684479475021362 | Val Rho: 0.8439306650762046 | Val R2: 0.7075566939410156
Current Epoch: 150/300 : Train Loss: 0.2914683222770691 | Train R2: 0.7180056814697895 | Val Loss: 0.15416821837425232 | Val Rho: 0.8467816576214853 | Val R2: 0.7125472768487362
Current Epoch: 160/300 : Train Loss: 0.2934929132461548 | Train R2: 0.7157066439393247 | Val Loss: 0.15188102424144745 | Val Rho: 0.8492439111823699 | Val R2: 0.7168118555071801
Current Epoch: 170/300 : Train Loss: 0.2930799424648285 | Train R2: 0.7185077811204585 | Val Loss: 0.14962807297706604 | Val Rho: 0.8516153780520079 | Val R2: 0.7210125768376681
Current Epoch: 180/300 : Train Loss: 0.2932601571083069 | Train R2: 0.7167714894687075 | Val Loss: 0.14792107045650482 | Val Rho: 0.8534178655263082 | Val R2: 0.7241953468909053
Current Epoch: 190/300 : Train Loss: 0.2890927791595459 | Train R2: 0.7179541025163112 | Val Loss: 0.14600153267383575 | Val Rho: 0.8555051477023984 | Val R2: 0.7277743748190897
Current Epoch: 200/300 : Train Loss: 0.29026684165000916 | Train R2: 0.7275019328681374 | Val Loss: 0.14486680924892426 | Val Rho: 0.8568231763581158 | Val R2: 0.7298901382531889
Current Epoch: 210/300 : Train Loss: 0.2840430438518524 | Train R2: 0.7218013249862207 | Val Loss: 0.14317630231380463 | Val Rho: 0.8586032668223339 | Val R2: 0.7330421547121659
Current Epoch: 220/300 : Train Loss: 0.2870328724384308 | Train R2: 0.7200286147554615 | Val Loss: 0.14237552881240845 | Val Rho: 0.8595466174420099 | Val R2: 0.7345352185358893
Current Epoch: 230/300 : Train Loss: 0.2730262577533722 | Train R2: 0.7287585518546628 | Val Loss: 0.14057296514511108 | Val Rho: 0.8613955786197738 | Val R2: 0.7378961633154222
Current Epoch: 240/300 : Train Loss: 0.2814027965068817 | Train R2: 0.7295345500098558 | Val Loss: 0.13905957341194153 | Val Rho: 0.8630458019097279 | Val R2: 0.7407179530642991
Current Epoch: 250/300 : Train Loss: 0.2810114622116089 | Train R2: 0.7271180214402149 | Val Loss: 0.13818895816802979 | Val Rho: 0.8641489810002488 | Val R2: 0.7423412444608004
Current Epoch: 260/300 : Train Loss: 0.27850955724716187 | Train R2: 0.7294009699316832 | Val Loss: 0.1372995376586914 | Val Rho: 0.8651938244465216 | Val R2: 0.7439996156373956
Current Epoch: 270/300 : Train Loss: 0.27039551734924316 | Train R2: 0.7306434824406993 | Val Loss: 0.13620023429393768 | Val Rho: 0.8665448407390641 | Val R2: 0.746049280641125
Current Epoch: 280/300 : Train Loss: 0.278670996427536 | Train R2: 0.7301742324284742 | Val Loss: 0.1350872963666916 | Val Rho: 0.8677315761215502 | Val R2: 0.7481244350146659
Current Epoch: 290/300 : Train Loss: 0.2750338315963745 | Train R2: 0.735829956141445 | Val Loss: 0.13427865505218506 | Val Rho: 0.8687560161329277 | Val R2: 0.7496321442082168
Current Epoch: 300/300 : Train Loss: 0.27791762351989746 | Train R2: 0.7298719564253111 | Val Loss: 0.13272994756698608 | Val Rho: 0.8702747757539628 | Val R2: 0.7525197716511142

