2024-02-22 21:09:28,513 > Dataset Processing Parameters:
- Time Period: 10
- Conv Method: max
2024-02-22 21:14:23,089 > Training Parameters:
- Batch Size:
20000
- Train Test Split:
0.8
- Learning Rate:
0.00015
- Epochs:
300
- Activation Function:
Tanh
=================================================================
Layer (type:depth-idx)                   Param #
=================================================================
network                                  --
©À©¤Linear: 1-1                            544
©À©¤Linear: 1-2                            1,056
©À©¤Linear: 1-3                            528
©À©¤Linear: 1-4                            68
©À©¤Linear: 1-5                            5
©À©¤Tanh: 1-6                              --
©À©¤Dropout: 1-7                           --
=================================================================
Total params: 2,201
Trainable params: 2,201
Non-trainable params: 0
=================================================================
Current Epoch: 10/300 : Train Loss: 0.9484503269195557 | Train R2: 0.07269725748647649 | Val Loss: 0.7720932960510254 | Val Rho: 0.7516264063292172 | Val R2: -0.36419910178845494
Current Epoch: 20/300 : Train Loss: 0.8388034701347351 | Train R2: 0.18736436225785746 | Val Loss: 0.6733478307723999 | Val Rho: 0.8016200193951872 | Val R2: -0.18972745935948088
Current Epoch: 30/300 : Train Loss: 0.6746231317520142 | Train R2: 0.3379920364166533 | Val Loss: 0.4990597069263458 | Val Rho: 0.8217461343464173 | Val R2: 0.11821949532123033
Current Epoch: 40/300 : Train Loss: 0.5410124063491821 | Train R2: 0.4753194303977283 | Val Loss: 0.3371037542819977 | Val Rho: 0.8392019890318717 | Val R2: 0.4043768260902131
Current Epoch: 50/300 : Train Loss: 0.4313230812549591 | Train R2: 0.5769158602277604 | Val Loss: 0.24899998307228088 | Val Rho: 0.8472430105784545 | Val R2: 0.5600459498457147
Current Epoch: 60/300 : Train Loss: 0.36293768882751465 | Train R2: 0.6475863471309501 | Val Loss: 0.20649705827236176 | Val Rho: 0.8451469325580953 | Val R2: 0.6351436889841111
Current Epoch: 70/300 : Train Loss: 0.32522889971733093 | Train R2: 0.6827012152429033 | Val Loss: 0.18622560799121857 | Val Rho: 0.8417189737796764 | Val R2: 0.6709609702084298
Current Epoch: 80/300 : Train Loss: 0.31154245138168335 | Train R2: 0.6972712757295514 | Val Loss: 0.1768099069595337 | Val Rho: 0.8402263727483038 | Val R2: 0.6875974492666883
Current Epoch: 90/300 : Train Loss: 0.3073536455631256 | Train R2: 0.7015819199865536 | Val Loss: 0.17173431813716888 | Val Rho: 0.8406830893410158 | Val R2: 0.6965654120365172
Current Epoch: 100/300 : Train Loss: 0.2986811697483063 | Train R2: 0.7066632615654356 | Val Loss: 0.1683465540409088 | Val Rho: 0.842058598287598 | Val R2: 0.7025511914491958
Current Epoch: 110/300 : Train Loss: 0.3011075258255005 | Train R2: 0.7073543171030641 | Val Loss: 0.16616247594356537 | Val Rho: 0.8434140311668993 | Val R2: 0.70641020198989
Current Epoch: 120/300 : Train Loss: 0.2954922914505005 | Train R2: 0.7131445299225061 | Val Loss: 0.16435062885284424 | Val Rho: 0.8448002684059093 | Val R2: 0.7096115421505713
Current Epoch: 130/300 : Train Loss: 0.29865962266921997 | Train R2: 0.7097716495669428 | Val Loss: 0.16280633211135864 | Val Rho: 0.8461888810047222 | Val R2: 0.7123401327641903
Current Epoch: 140/300 : Train Loss: 0.29682621359825134 | Train R2: 0.7141706599157993 | Val Loss: 0.16136664152145386 | Val Rho: 0.8475993973058834 | Val R2: 0.7148839199119984
Current Epoch: 150/300 : Train Loss: 0.2969503104686737 | Train R2: 0.7138599515509968 | Val Loss: 0.15998207032680511 | Val Rho: 0.8489943872345564 | Val R2: 0.7173302770273264
Current Epoch: 160/300 : Train Loss: 0.2872527837753296 | Train R2: 0.7202927969659493 | Val Loss: 0.15845735371112823 | Val Rho: 0.8506361539826872 | Val R2: 0.7200242724782974
Current Epoch: 170/300 : Train Loss: 0.28806594014167786 | Train R2: 0.7193369537275758 | Val Loss: 0.1569305807352066 | Val Rho: 0.8522913729901166 | Val R2: 0.7227218855340578
Current Epoch: 180/300 : Train Loss: 0.28947722911834717 | Train R2: 0.7176616876853115 | Val Loss: 0.15542800724506378 | Val Rho: 0.8538405599212678 | Val R2: 0.7253767673643874
Current Epoch: 190/300 : Train Loss: 0.2913605272769928 | Train R2: 0.7194566850688573 | Val Loss: 0.15404808521270752 | Val Rho: 0.8554243161894101 | Val R2: 0.7278149502680422
Current Epoch: 200/300 : Train Loss: 0.28881970047950745 | Train R2: 0.7192498595900787 | Val Loss: 0.1525384783744812 | Val Rho: 0.8570064049578087 | Val R2: 0.730482216642464
Current Epoch: 210/300 : Train Loss: 0.28214406967163086 | Train R2: 0.7235948403398126 | Val Loss: 0.15105150640010834 | Val Rho: 0.8586458267922755 | Val R2: 0.7331095362681117
Current Epoch: 220/300 : Train Loss: 0.2821005880832672 | Train R2: 0.7247852298964312 | Val Loss: 0.14971625804901123 | Val Rho: 0.8601069904202253 | Val R2: 0.7354687498476189
Current Epoch: 230/300 : Train Loss: 0.27945423126220703 | Train R2: 0.727809216229345 | Val Loss: 0.14823584258556366 | Val Rho: 0.8616871258151956 | Val R2: 0.7380845001587468
Current Epoch: 240/300 : Train Loss: 0.28656259179115295 | Train R2: 0.723788272385882 | Val Loss: 0.14679072797298431 | Val Rho: 0.863195094858813 | Val R2: 0.7406378429882755
Current Epoch: 250/300 : Train Loss: 0.2840442657470703 | Train R2: 0.7244468051363251 | Val Loss: 0.14543311297893524 | Val Rho: 0.8645814339275167 | Val R2: 0.7430365744546138
Current Epoch: 260/300 : Train Loss: 0.27661117911338806 | Train R2: 0.7299425036151496 | Val Loss: 0.14421530067920685 | Val Rho: 0.8658989249819055 | Val R2: 0.7451882993847156
Current Epoch: 270/300 : Train Loss: 0.2809901237487793 | Train R2: 0.7253914121093482 | Val Loss: 0.14293549954891205 | Val Rho: 0.8672455334101681 | Val R2: 0.7474495646070636
Current Epoch: 280/300 : Train Loss: 0.27526459097862244 | Train R2: 0.7306801127280276 | Val Loss: 0.14184102416038513 | Val Rho: 0.8683975232543725 | Val R2: 0.749383387456861
Current Epoch: 290/300 : Train Loss: 0.2766339182853699 | Train R2: 0.7304356122060296 | Val Loss: 0.14048796892166138 | Val Rho: 0.8698565019197683 | Val R2: 0.7517740921278102
Current Epoch: 300/300 : Train Loss: 0.2746262550354004 | Train R2: 0.7322446419929163 | Val Loss: 0.13930726051330566 | Val Rho: 0.8710099986810822 | Val R2: 0.7538602472699119

